node_modules/typescript/lib/typescript.js:176277: function spanForObjectOrArrayLiteral(node, open = 19 /* OpenBraceToken */) {
node_modules/typescript/lib/typescript.js:176287: function spanForNode(hintSpanNode, autoCollapse = false, useFullStart = true, open = 19 /* OpenBraceToken */, close = open === 19 /* OpenBraceToken */ ? 20 /* CloseBraceToken */ : 24 /* CloseBracketToken */) {
node_modules/typescript/lib/typescript.js:178685: const open = findChildOfKind(cls, 19 /* OpenBraceToken */, sourceFile);
node_modules/three-stdlib/libs/opentype.js:3930: var open = false;
node_modules/three-stdlib/libs/opentype.js:3956: open = true;
node_modules/three-stdlib/libs/opentype.js:4131: open = false;
node_modules/three-stdlib/libs/opentype.cjs:3932: var open = false;
node_modules/three-stdlib/libs/opentype.cjs:3958: open = true;
node_modules/three-stdlib/libs/opentype.cjs:4133: open = false;
node_modules/three/examples/jsm/libs/opentype.module.js:4328: var open = false;
node_modules/three/examples/jsm/libs/opentype.module.js:4356: open = true;
node_modules/three/examples/jsm/libs/opentype.module.js:4552: open = false;
node_modules/stats-gl/node_modules/three/examples/jsm/libs/opentype.module.js:4328: var open = false;
node_modules/stats-gl/node_modules/three/examples/jsm/libs/opentype.module.js:4356: open = true;
node_modules/stats-gl/node_modules/three/examples/jsm/libs/opentype.module.js:4552: open = false;
node_modules/rollup/dist/shared/rollup.js:2161: const open = tokens[token.tokensIndex];
node_modules/rollup/dist/shared/rollup.js:2497: const open = {
node_modules/rollup/dist/shared/index.js:1205: const open = tokens[token.tokensIndex];
node_modules/rollup/dist/shared/index.js:1541: const open = {
node_modules/rollup/dist/shared/index.js:3922: const open = tokens[token.tokensIndex];
node_modules/rollup/dist/shared/index.js:4258: const open = {
node_modules/rollup/dist/shared/index.js:5431: var open = str[index + 1];
node_modules/rollup/dist/shared/index.js:5463: var open = str[index + 1];
node_modules/rollup/dist/shared/index.js:6731: const open = value;
node_modules/rollup/dist/shared/index.js:6809: const open = block.nodes.shift();
node_modules/rollup/dist/shared/index.js:7474: const open = promisify(fs.open);
node_modules/rollup/dist/es/shared/watch.js:1209: const open = tokens[token.tokensIndex];
node_modules/rollup/dist/es/shared/watch.js:1545: const open = {
node_modules/rollup/dist/es/shared/watch.js:3926: const open = tokens[token.tokensIndex];
node_modules/rollup/dist/es/shared/watch.js:4262: const open = {
node_modules/rollup/dist/es/shared/watch.js:5435: var open = str[index + 1];
node_modules/rollup/dist/es/shared/watch.js:5467: var open = str[index + 1];
node_modules/rollup/dist/es/shared/watch.js:6735: const open = value;
node_modules/rollup/dist/es/shared/watch.js:6813: const open = block.nodes.shift();
node_modules/rollup/dist/es/shared/watch.js:7478: const open = promisify(fs.open);
node_modules/rollup/dist/es/shared/node-entry.js:10391: const open = tokens[token.tokensIndex];
node_modules/rollup/dist/es/shared/node-entry.js:10727: const open = {
node_modules/postcss/lib/parser.js:48: let open = false
node_modules/postcss/lib/parser.js:71: open = true
node_modules/picomatch/lib/parse.js:518: const open = tokens[token.tokensIndex];
node_modules/picomatch/lib/parse.js:854: const open = {
node_modules/hls.js/src/controller/buffer-controller.ts:480: const open = mediaSource.readyState === 'open';
node_modules/hls.js/dist/hls.mjs:18836: const open = mediaSource.readyState === 'open';
node_modules/hls.js/dist/hls.light.mjs:10141: const open = mediaSource.readyState === 'open';
node_modules/hls.js/dist/hls.light.js:5602: var open = mediaSource.readyState === 'open';
node_modules/hls.js/dist/hls.js:19440: var open = mediaSource.readyState === 'open';
node_modules/@babel/generator/lib/generators/jsx.js:67: const open = node.openingElement;
node_modules/.vite/deps/chunk-C43FICMT.js:17180: const open = mediaSource.readyState === "open";
node_modules/.vite/deps/@react-three_drei.js:63532: var open = false;
node_modules/.vite/deps/@react-three_drei.js:63558: open = true;
node_modules/.vite/deps/@react-three_drei.js:63733: open = false;
